<?xml version="1.0" encoding="UTF-8"?>
<!-- Generated by org.testng.reporters.JUnitReportReporter -->
<testsuite hostname="SYNBLRLT9161DGZ" failures="0" tests="1" name="TestScript.Practice" time="1.384" errors="0" timestamp="2025-10-23T10:16:32 PDT" skipped="0">
  <testcase classname="TestScript.Practice" name="Demo" time="1.384"/>
</testsuite> <!-- TestScript.Practice -->
