<?xml version="1.0" encoding="UTF-8"?>
<!-- Generated by org.testng.reporters.JUnitReportReporter -->
<testsuite hostname="SYNBLRLT9161DGZ" failures="0" tests="6" name="TestScript.WebDriver_Chrome" time="24.979" errors="0" timestamp="2025-10-22T16:34:01 PDT" skipped="0">
  <testcase classname="TestScript.WebDriver_Chrome" name="testLogin" time="3.010"/>
  <testcase classname="TestScript.WebDriver_Chrome" name="testLogin" time="2.961"/>
  <testcase classname="TestScript.WebDriver_Chrome" name="testLogin" time="4.710"/>
  <testcase classname="TestScript.WebDriver_Chrome" name="testLogin" time="3.216"/>
  <testcase classname="TestScript.WebDriver_Chrome" name="testLogin" time="8.132"/>
  <testcase classname="TestScript.WebDriver_Chrome" name="testLogin" time="2.950"/>
</testsuite> <!-- TestScript.WebDriver_Chrome -->
