<?xml version="1.0" encoding="UTF-8"?>
<!-- Generated by org.testng.reporters.JUnitReportReporter -->
<testsuite hostname="SYNBLRLT9161DGZ" failures="0" tests="6" name="com.Sample.WebDriver_Chrome" time="21.831" errors="0" timestamp="2025-10-22T15:08:51 PDT" skipped="0">
  <testcase classname="com.Sample.WebDriver_Chrome" name="testLogin" time="7.722"/>
  <testcase classname="com.Sample.WebDriver_Chrome" name="testLogin" time="3.855"/>
  <testcase classname="com.Sample.WebDriver_Chrome" name="testLogin" time="2.378"/>
  <testcase classname="com.Sample.WebDriver_Chrome" name="testLogin" time="2.743"/>
  <testcase classname="com.Sample.WebDriver_Chrome" name="testLogin" time="2.662"/>
  <testcase classname="com.Sample.WebDriver_Chrome" name="testLogin" time="2.471"/>
</testsuite> <!-- com.Sample.WebDriver_Chrome -->
