<?xml version="1.0" encoding="UTF-8"?>
<!-- Generated by org.testng.reporters.JUnitReportReporter -->
<testsuite hostname="SYNBLRLT9161DGZ" failures="0" tests="4" name="TestScript.TestAll" time="46.325" errors="0" timestamp="2025-10-23T16:03:21 PDT" skipped="0">
  <testcase classname="TestScript.TestAll" name="testLogin" time="10.248"/>
  <testcase classname="TestScript.TestAll" name="testLogin" time="10.280"/>
  <testcase classname="TestScript.TestAll" name="testLogin" time="11.065"/>
  <testcase classname="TestScript.TestAll" name="testLogin" time="14.732"/>
</testsuite> <!-- TestScript.TestAll -->
